Build started 4/29/2015 2:55:03 PM.
     1>Project "C:\Users\Kim\documents\visual studio 2013\Projects\ReadFile\ReadFile\ReadFile.vcxproj" on node 2 (Build target(s)).
     1>ClCompile:
         C:\Program Files (x86)\Microsoft Visual Studio 12.0\VC\bin\CL.exe /c /ZI /nologo /W3 /WX- /Od /Oy- /D WIN32 /D _DEBUG /D _CONSOLE /D _LIB /D _UNICODE /D UNICODE /Gm /EHsc /RTC1 /MDd /GS /fp:precise /Zc:wchar_t /Zc:forScope /Fo"Debug\\" /Fd"Debug\vc120.pdb" /Gd /TP /analyze- /errorReport:prompt Main.cpp Parser.cpp Store.cpp
         Store.cpp
     1>c:\users\kim\documents\visual studio 2013\projects\readfile\readfile\store.cpp(1): warning C4067: unexpected tokens following preprocessor directive - expected a newline
     1>c:\users\kim\documents\visual studio 2013\projects\readfile\readfile\store.cpp(2): warning C4067: unexpected tokens following preprocessor directive - expected a newline
         Generating Code...
         Compiling...
         Parser.cpp
         Main.cpp
         Generating Code...
       Link:
         C:\Program Files (x86)\Microsoft Visual Studio 12.0\VC\bin\link.exe /ERRORREPORT:PROMPT /OUT:"C:\Users\Kim\documents\visual studio 2013\Projects\ReadFile\Debug\ReadFile.exe" /INCREMENTAL /NOLOGO kernel32.lib user32.lib gdi32.lib winspool.lib comdlg32.lib advapi32.lib shell32.lib ole32.lib oleaut32.lib uuid.lib odbc32.lib odbccp32.lib /MANIFEST /MANIFESTUAC:"level='asInvoker' uiAccess='false'" /manifest:embed /DEBUG /PDB:"C:\Users\Kim\documents\visual studio 2013\Projects\ReadFile\Debug\ReadFile.pdb" /SUBSYSTEM:CONSOLE /TLBID:1 /DYNAMICBASE /NXCOMPAT /IMPLIB:"C:\Users\Kim\documents\visual studio 2013\Projects\ReadFile\Debug\ReadFile.lib" /MACHINE:X86 Debug\Main.obj
         Debug\Parser.obj
         Debug\Store.obj
         ReadFile.vcxproj -> C:\Users\Kim\documents\visual studio 2013\Projects\ReadFile\Debug\ReadFile.exe
     1>Done Building Project "C:\Users\Kim\documents\visual studio 2013\Projects\ReadFile\ReadFile\ReadFile.vcxproj" (Build target(s)).

Build succeeded.

Time Elapsed 00:00:02.85
